d:\work\c++\server\cmake-build-relwithdebinfo-msys2\fivechess.dir\relwithdebinfo\vc143.pdb
d:\work\c++\server\cmake-build-relwithdebinfo-msys2\fivechess.dir\relwithdebinfo\mocs_compilation_relwithdebinfo.obj
d:\work\c++\server\cmake-build-relwithdebinfo-msys2\fivechess.dir\relwithdebinfo\player.obj
d:\work\c++\server\cmake-build-relwithdebinfo-msys2\fivechess.dir\relwithdebinfo\chessboard.obj
d:\work\c++\server\cmake-build-relwithdebinfo-msys2\fivechess.dir\relwithdebinfo\main.obj
d:\work\c++\server\cmake-build-relwithdebinfo-msys2\fivechess.dir\relwithdebinfo\mymainwindow.obj
d:\work\c++\server\cmake-build-relwithdebinfo-msys2\cmakefiles\generate.stamp
d:\work\c++\server\bin\relwithdebinfo\fivechess.pdb
d:\work\c++\server\cmake-build-relwithdebinfo-msys2\fivechess.dir\relwithdebinfo\fivechess.tlog\cl.command.1.tlog
d:\work\c++\server\cmake-build-relwithdebinfo-msys2\fivechess.dir\relwithdebinfo\fivechess.tlog\cl.read.1.tlog
d:\work\c++\server\cmake-build-relwithdebinfo-msys2\fivechess.dir\relwithdebinfo\fivechess.tlog\cl.write.1.tlog
d:\work\c++\server\cmake-build-relwithdebinfo-msys2\fivechess.dir\relwithdebinfo\fivechess.tlog\custombuild.command.1.tlog
d:\work\c++\server\cmake-build-relwithdebinfo-msys2\fivechess.dir\relwithdebinfo\fivechess.tlog\custombuild.read.1.tlog
d:\work\c++\server\cmake-build-relwithdebinfo-msys2\fivechess.dir\relwithdebinfo\fivechess.tlog\custombuild.write.1.tlog
d:\work\c++\server\cmake-build-relwithdebinfo-msys2\fivechess.dir\relwithdebinfo\fivechess.tlog\link-cvtres.read.1.tlog
d:\work\c++\server\cmake-build-relwithdebinfo-msys2\fivechess.dir\relwithdebinfo\fivechess.tlog\link-cvtres.write.1.tlog
d:\work\c++\server\cmake-build-relwithdebinfo-msys2\fivechess.dir\relwithdebinfo\fivechess.tlog\link-rc.read.1.tlog
d:\work\c++\server\cmake-build-relwithdebinfo-msys2\fivechess.dir\relwithdebinfo\fivechess.tlog\link-rc.write.1.tlog
d:\work\c++\server\cmake-build-relwithdebinfo-msys2\fivechess.dir\relwithdebinfo\fivechess.tlog\link.command.1.tlog
d:\work\c++\server\cmake-build-relwithdebinfo-msys2\fivechess.dir\relwithdebinfo\fivechess.tlog\link.read.1.tlog
d:\work\c++\server\cmake-build-relwithdebinfo-msys2\fivechess.dir\relwithdebinfo\fivechess.tlog\link.read.2.tlog
d:\work\c++\server\cmake-build-relwithdebinfo-msys2\fivechess.dir\relwithdebinfo\fivechess.tlog\link.write.1.tlog
